<?xml version="1.0" encoding="UTF-8"?>
<!-- Generated by org.testng.reporters.JUnitReportReporter -->
<testsuite hostname="DESKTOP-Q5PKL2R" failures="0" tests="5" name="com.test.allTests.TekarchApiTestScriptE2E" time="16.623" errors="0" timestamp="2022-06-08T21:00:05 PDT" skipped="0">
  <testcase classname="com.test.allTests.TekarchApiTestScriptE2E" name="TC_001_validLogin" time="3.051"/>
  <system-out/>
  <testcase classname="com.test.allTests.TekarchApiTestScriptE2E" name="TC_002_addUserData" time="1.085"/>
  <system-out/>
  <testcase classname="com.test.allTests.TekarchApiTestScriptE2E" name="TC_003_getUserData" time="11.561"/>
  <system-out/>
  <testcase classname="com.test.allTests.TekarchApiTestScriptE2E" name="TC_004_updateUserData" time="0.503"/>
  <system-out/>
  <testcase classname="com.test.allTests.TekarchApiTestScriptE2E" name="TC_005_deleteUserData" time="0.423"/>
  <system-out/>
</testsuite> <!-- com.test.allTests.TekarchApiTestScriptE2E -->
